02/05/2019 01:07:37 - [DEBUG] - AREA 44793.500000
02/05/2019 01:07:37 - [DEBUG] - HEIGHT 198
02/05/2019 01:07:37 - [DEBUG] - WIDTH 259
02/05/2019 01:07:37 - [DEBUG] - ----------
02/05/2019 01:07:39 - [DEBUG] - SADSADASDAS
02/05/2019 01:07:39 - [DEBUG] - SADSADASDAS
02/05/2019 01:07:39 - [DEBUG] - SADSADASDAS
02/05/2019 01:07:39 - [DEBUG] - SADSADASDAS
02/05/2019 01:07:39 - [DEBUG] - SADSADASDAS
02/05/2019 01:07:39 - [DEBUG] - SADSADASDAS
02/05/2019 01:07:39 - [DEBUG] - SADSADASDAS
02/05/2019 01:07:39 - [DEBUG] - SADSADASDAS
02/05/2019 01:07:39 - [DEBUG] - SADSADASDAS
02/05/2019 01:07:39 - [DEBUG] - SADSADASDAS
02/05/2019 01:07:39 - [DEBUG] - SADSADASDAS
02/05/2019 01:07:39 - [DEBUG] - SADSADASDAS
02/05/2019 01:07:39 - [DEBUG] - SADSADASDAS
02/05/2019 01:07:39 - [DEBUG] - SADSADASDAS
02/05/2019 01:07:39 - [DEBUG] - SADSADASDAS
02/05/2019 01:07:39 - [DEBUG] - SADSADASDAS
02/05/2019 01:07:39 - [DEBUG] - SADSADASDAS
02/05/2019 01:07:39 - [DEBUG] - SADSADASDAS
02/05/2019 01:07:39 - [DEBUG] - SADSADASDAS
02/05/2019 01:07:39 - [DEBUG] - SADSADASDAS
02/05/2019 01:07:39 - [DEBUG] - SADSADASDAS
02/05/2019 01:07:39 - [DEBUG] - SADSADASDAS
02/05/2019 01:07:39 - [DEBUG] - SADSADASDAS
02/05/2019 01:07:39 - [DEBUG] - SADSADASDAS
02/05/2019 01:07:39 - [DEBUG] - SADSADASDAS
02/05/2019 01:07:39 - [DEBUG] - SADSADASDAS
02/05/2019 01:07:39 - [DEBUG] - SADSADASDAS
02/05/2019 01:07:39 - [DEBUG] - SADSADASDAS
02/05/2019 01:07:39 - [DEBUG] - SADSADASDAS
02/05/2019 01:07:39 - [DEBUG] - SADSADASDAS
02/05/2019 01:07:39 - [DEBUG] - SADSADASDAS
02/05/2019 01:07:39 - [DEBUG] - SADSADASDAS
02/05/2019 01:07:39 - [DEBUG] - SADSADASDAS
02/05/2019 01:07:39 - [DEBUG] - SADSADASDAS
02/05/2019 01:07:39 - [DEBUG] - SADSADASDAS
02/05/2019 01:07:39 - [DEBUG] - SADSADASDAS
02/05/2019 01:07:39 - [DEBUG] - SADSADASDAS
02/05/2019 01:07:39 - [DEBUG] - SADSADASDAS
02/05/2019 01:07:39 - [DEBUG] - SADSADASDAS
02/05/2019 01:07:39 - [DEBUG] - SADSADASDAS
02/05/2019 01:07:39 - [DEBUG] - SADSADASDAS
02/05/2019 01:07:39 - [DEBUG] - SADSADASDAS
02/05/2019 01:07:39 - [DEBUG] - SADSADASDAS
02/05/2019 01:07:39 - [DEBUG] - SADSADASDAS
02/05/2019 01:07:39 - [DEBUG] - SADSADASDAS
02/05/2019 01:07:39 - [DEBUG] - SADSADASDAS
02/05/2019 01:07:39 - [DEBUG] - SADSADASDAS
02/05/2019 01:07:39 - [DEBUG] - SADSADASDAS
02/05/2019 01:07:39 - [DEBUG] - SADSADASDAS
02/05/2019 01:07:39 - [DEBUG] - SADSADASDAS
02/05/2019 01:07:39 - [DEBUG] - SADSADASDAS
02/05/2019 01:07:39 - [DEBUG] - SADSADASDAS
02/05/2019 01:07:39 - [DEBUG] - SADSADASDAS
02/05/2019 01:07:39 - [DEBUG] - SADSADASDAS
02/05/2019 01:07:39 - [DEBUG] - SADSADASDAS
02/05/2019 01:07:39 - [DEBUG] - SADSADASDAS
02/05/2019 01:07:39 - [DEBUG] - SADSADASDAS
02/05/2019 01:07:39 - [DEBUG] - SADSADASDAS
02/05/2019 01:07:39 - [DEBUG] - SADSADASDAS
02/05/2019 01:08:29 - [DEBUG] - AREA 43494.500000
02/05/2019 01:08:29 - [DEBUG] - HEIGHT 189
02/05/2019 01:08:29 - [DEBUG] - WIDTH 252
02/05/2019 01:08:29 - [DEBUG] - ----------
02/05/2019 01:08:31 - [DEBUG] - SADSADASDAS
02/05/2019 01:08:31 - [DEBUG] - SADSADASDAS
02/05/2019 01:08:31 - [DEBUG] - SADSADASDAS
02/05/2019 01:08:31 - [DEBUG] - SADSADASDAS
02/05/2019 01:08:31 - [DEBUG] - SADSADASDAS
02/05/2019 01:08:31 - [DEBUG] - SADSADASDAS
02/05/2019 01:08:31 - [DEBUG] - SADSADASDAS
02/05/2019 01:08:31 - [DEBUG] - SADSADASDAS
02/05/2019 01:08:31 - [DEBUG] - SADSADASDAS
02/05/2019 01:08:31 - [DEBUG] - SADSADASDAS
02/05/2019 01:08:31 - [DEBUG] - SADSADASDAS
02/05/2019 01:08:31 - [DEBUG] - SADSADASDAS
02/05/2019 01:08:31 - [DEBUG] - SADSADASDAS
02/05/2019 01:08:31 - [DEBUG] - SADSADASDAS
02/05/2019 01:08:31 - [DEBUG] - SADSADASDAS
02/05/2019 01:08:31 - [DEBUG] - SADSADASDAS
02/05/2019 01:08:31 - [DEBUG] - SADSADASDAS
02/05/2019 01:08:31 - [DEBUG] - SADSADASDAS
02/05/2019 01:08:31 - [DEBUG] - SADSADASDAS
02/05/2019 01:08:31 - [DEBUG] - SADSADASDAS
02/05/2019 01:08:31 - [DEBUG] - SADSADASDAS
02/05/2019 01:08:31 - [DEBUG] - SADSADASDAS
02/05/2019 01:08:31 - [DEBUG] - SADSADASDAS
02/05/2019 01:08:31 - [DEBUG] - SADSADASDAS
02/05/2019 01:08:31 - [DEBUG] - SADSADASDAS
02/05/2019 01:08:31 - [DEBUG] - SADSADASDAS
02/05/2019 01:08:31 - [DEBUG] - SADSADASDAS
02/05/2019 01:08:31 - [DEBUG] - SADSADASDAS
02/05/2019 01:08:31 - [DEBUG] - SADSADASDAS
02/05/2019 01:08:31 - [DEBUG] - SADSADASDAS
02/05/2019 01:08:31 - [DEBUG] - SADSADASDAS
02/05/2019 01:08:31 - [DEBUG] - SADSADASDAS
02/05/2019 01:08:31 - [DEBUG] - SADSADASDAS
02/05/2019 01:08:31 - [DEBUG] - SADSADASDAS
02/05/2019 01:08:31 - [DEBUG] - SADSADASDAS
02/05/2019 01:08:31 - [DEBUG] - SADSADASDAS
02/05/2019 01:08:31 - [DEBUG] - SADSADASDAS
02/05/2019 01:08:31 - [DEBUG] - SADSADASDAS
02/05/2019 01:08:31 - [DEBUG] - SADSADASDAS
02/05/2019 01:08:31 - [DEBUG] - SADSADASDAS
02/05/2019 01:08:31 - [DEBUG] - SADSADASDAS
02/05/2019 01:08:31 - [DEBUG] - SADSADASDAS
02/05/2019 01:08:31 - [DEBUG] - SADSADASDAS
02/05/2019 01:08:31 - [DEBUG] - SADSADASDAS
02/05/2019 01:08:31 - [DEBUG] - SADSADASDAS
02/05/2019 01:08:31 - [DEBUG] - SADSADASDAS
02/05/2019 01:08:31 - [DEBUG] - SADSADASDAS
02/05/2019 01:08:31 - [DEBUG] - SADSADASDAS
02/05/2019 01:08:31 - [DEBUG] - SADSADASDAS
02/05/2019 01:08:31 - [DEBUG] - SADSADASDAS
02/05/2019 01:08:31 - [DEBUG] - SADSADASDAS
02/05/2019 01:08:31 - [DEBUG] - SADSADASDAS
02/05/2019 01:08:31 - [DEBUG] - SADSADASDAS
02/05/2019 01:08:31 - [DEBUG] - SADSADASDAS
02/05/2019 01:08:31 - [DEBUG] - SADSADASDAS
02/05/2019 01:08:31 - [DEBUG] - SADSADASDAS
02/05/2019 01:08:31 - [DEBUG] - SADSADASDAS
02/05/2019 01:08:31 - [DEBUG] - SADSADASDAS
02/05/2019 01:08:31 - [DEBUG] - SADSADASDAS
02/05/2019 01:11:50 - [DEBUG] - AREA 42890.500000
02/05/2019 01:11:50 - [DEBUG] - HEIGHT 191
02/05/2019 01:11:50 - [DEBUG] - WIDTH 251
02/05/2019 01:11:50 - [DEBUG] - ----------
02/05/2019 01:11:55 - [DEBUG] - SADSADASDAS
02/05/2019 01:11:55 - [DEBUG] - SADSADASDAS
02/05/2019 01:11:55 - [DEBUG] - SADSADASDAS
02/05/2019 01:11:55 - [DEBUG] - SADSADASDAS
02/05/2019 01:11:55 - [DEBUG] - SADSADASDAS
02/05/2019 01:11:55 - [DEBUG] - SADSADASDAS
02/05/2019 01:11:55 - [DEBUG] - SADSADASDAS
02/05/2019 01:11:55 - [DEBUG] - SADSADASDAS
02/05/2019 01:11:55 - [DEBUG] - SADSADASDAS
02/05/2019 01:11:55 - [DEBUG] - SADSADASDAS
02/05/2019 01:11:55 - [DEBUG] - SADSADASDAS
02/05/2019 01:11:55 - [DEBUG] - SADSADASDAS
02/05/2019 01:11:55 - [DEBUG] - SADSADASDAS
02/05/2019 01:11:55 - [DEBUG] - SADSADASDAS
02/05/2019 01:11:55 - [DEBUG] - SADSADASDAS
02/05/2019 01:11:55 - [DEBUG] - SADSADASDAS
02/05/2019 01:11:55 - [DEBUG] - SADSADASDAS
02/05/2019 01:11:55 - [DEBUG] - SADSADASDAS
02/05/2019 01:11:55 - [DEBUG] - SADSADASDAS
02/05/2019 01:11:55 - [DEBUG] - SADSADASDAS
02/05/2019 01:11:55 - [DEBUG] - SADSADASDAS
02/05/2019 01:11:55 - [DEBUG] - SADSADASDAS
02/05/2019 01:11:55 - [DEBUG] - SADSADASDAS
02/05/2019 01:11:55 - [DEBUG] - SADSADASDAS
02/05/2019 01:11:55 - [DEBUG] - SADSADASDAS
02/05/2019 01:11:55 - [DEBUG] - SADSADASDAS
02/05/2019 01:11:55 - [DEBUG] - SADSADASDAS
02/05/2019 01:11:55 - [DEBUG] - SADSADASDAS
02/05/2019 01:11:55 - [DEBUG] - SADSADASDAS
02/05/2019 01:11:55 - [DEBUG] - SADSADASDAS
02/05/2019 01:11:55 - [DEBUG] - SADSADASDAS
02/05/2019 01:11:55 - [DEBUG] - SADSADASDAS
02/05/2019 01:11:55 - [DEBUG] - SADSADASDAS
02/05/2019 01:11:55 - [DEBUG] - SADSADASDAS
02/05/2019 01:11:55 - [DEBUG] - SADSADASDAS
02/05/2019 01:11:56 - [DEBUG] - SADSADASDAS
02/05/2019 01:11:56 - [DEBUG] - SADSADASDAS
02/05/2019 01:11:56 - [DEBUG] - SADSADASDAS
02/05/2019 01:11:56 - [DEBUG] - SADSADASDAS
02/05/2019 01:11:56 - [DEBUG] - SADSADASDAS
02/05/2019 01:11:56 - [DEBUG] - SADSADASDAS
02/05/2019 01:11:56 - [DEBUG] - SADSADASDAS
02/05/2019 01:11:56 - [DEBUG] - SADSADASDAS
02/05/2019 01:11:56 - [DEBUG] - SADSADASDAS
02/05/2019 01:11:56 - [DEBUG] - SADSADASDAS
02/05/2019 01:11:56 - [DEBUG] - SADSADASDAS
02/05/2019 01:11:56 - [DEBUG] - SADSADASDAS
02/05/2019 01:11:56 - [DEBUG] - SADSADASDAS
02/05/2019 01:11:56 - [DEBUG] - SADSADASDAS
02/05/2019 01:11:56 - [DEBUG] - SADSADASDAS
02/05/2019 01:11:56 - [DEBUG] - SADSADASDAS
02/05/2019 01:11:56 - [DEBUG] - SADSADASDAS
02/05/2019 01:11:56 - [DEBUG] - SADSADASDAS
02/05/2019 01:11:56 - [DEBUG] - SADSADASDAS
02/05/2019 01:11:56 - [DEBUG] - SADSADASDAS
02/05/2019 01:11:56 - [DEBUG] - SADSADASDAS
02/05/2019 01:11:56 - [DEBUG] - SADSADASDAS
02/05/2019 01:11:56 - [DEBUG] - SADSADASDAS
02/05/2019 01:11:56 - [DEBUG] - SADSADASDAS
02/05/2019 01:11:56 - [DEBUG] - AREA 41117.000000
02/05/2019 01:11:56 - [DEBUG] - HEIGHT 190
02/05/2019 01:11:56 - [DEBUG] - WIDTH 248
02/05/2019 01:11:56 - [DEBUG] - ----------
02/05/2019 01:11:58 - [DEBUG] - SADSADASDAS
02/05/2019 01:11:58 - [DEBUG] - SADSADASDAS
02/05/2019 01:11:58 - [DEBUG] - SADSADASDAS
02/05/2019 01:11:58 - [DEBUG] - SADSADASDAS
02/05/2019 01:11:58 - [DEBUG] - SADSADASDAS
02/05/2019 01:11:58 - [DEBUG] - SADSADASDAS
02/05/2019 01:11:58 - [DEBUG] - SADSADASDAS
02/05/2019 01:11:58 - [DEBUG] - SADSADASDAS
02/05/2019 01:11:58 - [DEBUG] - SADSADASDAS
02/05/2019 01:11:58 - [DEBUG] - SADSADASDAS
02/05/2019 01:11:58 - [DEBUG] - SADSADASDAS
02/05/2019 01:11:58 - [DEBUG] - SADSADASDAS
02/05/2019 01:11:58 - [DEBUG] - SADSADASDAS
02/05/2019 01:11:58 - [DEBUG] - SADSADASDAS
02/05/2019 01:11:58 - [DEBUG] - SADSADASDAS
02/05/2019 01:11:58 - [DEBUG] - SADSADASDAS
02/05/2019 01:11:58 - [DEBUG] - SADSADASDAS
02/05/2019 01:11:58 - [DEBUG] - SADSADASDAS
02/05/2019 01:11:58 - [DEBUG] - SADSADASDAS
02/05/2019 01:11:58 - [DEBUG] - SADSADASDAS
02/05/2019 01:11:58 - [DEBUG] - SADSADASDAS
02/05/2019 01:11:58 - [DEBUG] - SADSADASDAS
02/05/2019 01:11:58 - [DEBUG] - SADSADASDAS
02/05/2019 01:11:58 - [DEBUG] - SADSADASDAS
02/05/2019 01:11:58 - [DEBUG] - SADSADASDAS
02/05/2019 01:11:58 - [DEBUG] - SADSADASDAS
02/05/2019 01:11:58 - [DEBUG] - SADSADASDAS
02/05/2019 01:11:58 - [DEBUG] - SADSADASDAS
02/05/2019 01:11:58 - [DEBUG] - SADSADASDAS
02/05/2019 01:11:58 - [DEBUG] - SADSADASDAS
02/05/2019 01:11:58 - [DEBUG] - SADSADASDAS
02/05/2019 01:11:58 - [DEBUG] - SADSADASDAS
02/05/2019 01:11:58 - [DEBUG] - SADSADASDAS
02/05/2019 01:11:58 - [DEBUG] - SADSADASDAS
02/05/2019 01:11:58 - [DEBUG] - SADSADASDAS
02/05/2019 01:11:58 - [DEBUG] - SADSADASDAS
02/05/2019 01:11:58 - [DEBUG] - SADSADASDAS
02/05/2019 01:11:58 - [DEBUG] - SADSADASDAS
02/05/2019 01:11:58 - [DEBUG] - SADSADASDAS
02/05/2019 01:11:58 - [DEBUG] - SADSADASDAS
02/05/2019 01:11:58 - [DEBUG] - SADSADASDAS
02/05/2019 01:11:58 - [DEBUG] - SADSADASDAS
02/05/2019 01:11:58 - [DEBUG] - SADSADASDAS
02/05/2019 01:11:58 - [DEBUG] - SADSADASDAS
02/05/2019 01:11:58 - [DEBUG] - SADSADASDAS
02/05/2019 01:11:58 - [DEBUG] - SADSADASDAS
02/05/2019 01:11:58 - [DEBUG] - SADSADASDAS
02/05/2019 01:11:58 - [DEBUG] - SADSADASDAS
02/05/2019 01:11:58 - [DEBUG] - SADSADASDAS
02/05/2019 01:11:58 - [DEBUG] - SADSADASDAS
02/05/2019 01:11:58 - [DEBUG] - SADSADASDAS
02/05/2019 01:11:58 - [DEBUG] - SADSADASDAS
02/05/2019 01:11:58 - [DEBUG] - SADSADASDAS
02/05/2019 01:11:58 - [DEBUG] - SADSADASDAS
02/05/2019 01:11:58 - [DEBUG] - SADSADASDAS
02/05/2019 01:11:58 - [DEBUG] - SADSADASDAS
02/05/2019 01:11:58 - [DEBUG] - SADSADASDAS
02/05/2019 01:11:58 - [DEBUG] - SADSADASDAS
02/05/2019 01:11:58 - [DEBUG] - SADSADASDAS
