02/05/2019 01:06:49 - [DEBUG] - AREA 44793.500000
02/05/2019 01:06:49 - [DEBUG] - HEIGHT 198
02/05/2019 01:06:49 - [DEBUG] - WIDTH 259
02/05/2019 01:06:49 - [DEBUG] - ----------
02/05/2019 01:06:52 - [DEBUG] - SADSADASDAS
02/05/2019 01:06:52 - [DEBUG] - SADSADASDAS
02/05/2019 01:06:52 - [DEBUG] - SADSADASDAS
02/05/2019 01:06:52 - [DEBUG] - SADSADASDAS
02/05/2019 01:06:52 - [DEBUG] - SADSADASDAS
02/05/2019 01:06:52 - [DEBUG] - SADSADASDAS
02/05/2019 01:06:52 - [DEBUG] - SADSADASDAS
02/05/2019 01:06:52 - [DEBUG] - SADSADASDAS
02/05/2019 01:06:52 - [DEBUG] - SADSADASDAS
02/05/2019 01:06:52 - [DEBUG] - SADSADASDAS
02/05/2019 01:06:52 - [DEBUG] - SADSADASDAS
02/05/2019 01:06:52 - [DEBUG] - SADSADASDAS
02/05/2019 01:06:52 - [DEBUG] - SADSADASDAS
02/05/2019 01:06:52 - [DEBUG] - SADSADASDAS
02/05/2019 01:06:52 - [DEBUG] - SADSADASDAS
02/05/2019 01:06:52 - [DEBUG] - SADSADASDAS
02/05/2019 01:06:52 - [DEBUG] - SADSADASDAS
02/05/2019 01:06:52 - [DEBUG] - SADSADASDAS
02/05/2019 01:06:52 - [DEBUG] - SADSADASDAS
02/05/2019 01:06:52 - [DEBUG] - SADSADASDAS
02/05/2019 01:06:52 - [DEBUG] - SADSADASDAS
02/05/2019 01:06:52 - [DEBUG] - SADSADASDAS
02/05/2019 01:06:52 - [DEBUG] - SADSADASDAS
02/05/2019 01:06:52 - [DEBUG] - SADSADASDAS
02/05/2019 01:06:52 - [DEBUG] - SADSADASDAS
02/05/2019 01:06:52 - [DEBUG] - SADSADASDAS
02/05/2019 01:06:52 - [DEBUG] - SADSADASDAS
02/05/2019 01:06:52 - [DEBUG] - SADSADASDAS
02/05/2019 01:06:52 - [DEBUG] - SADSADASDAS
02/05/2019 01:06:52 - [DEBUG] - SADSADASDAS
02/05/2019 01:06:52 - [DEBUG] - SADSADASDAS
02/05/2019 01:06:52 - [DEBUG] - SADSADASDAS
02/05/2019 01:06:52 - [DEBUG] - SADSADASDAS
02/05/2019 01:06:52 - [DEBUG] - SADSADASDAS
02/05/2019 01:06:52 - [DEBUG] - SADSADASDAS
02/05/2019 01:06:52 - [DEBUG] - SADSADASDAS
02/05/2019 01:06:52 - [DEBUG] - SADSADASDAS
02/05/2019 01:06:52 - [DEBUG] - SADSADASDAS
02/05/2019 01:06:52 - [DEBUG] - SADSADASDAS
02/05/2019 01:06:52 - [DEBUG] - SADSADASDAS
02/05/2019 01:06:52 - [DEBUG] - SADSADASDAS
02/05/2019 01:06:52 - [DEBUG] - SADSADASDAS
02/05/2019 01:06:52 - [DEBUG] - SADSADASDAS
02/05/2019 01:06:52 - [DEBUG] - SADSADASDAS
02/05/2019 01:06:52 - [DEBUG] - SADSADASDAS
02/05/2019 01:06:52 - [DEBUG] - SADSADASDAS
02/05/2019 01:06:52 - [DEBUG] - SADSADASDAS
02/05/2019 01:06:52 - [DEBUG] - SADSADASDAS
02/05/2019 01:06:52 - [DEBUG] - SADSADASDAS
02/05/2019 01:06:52 - [DEBUG] - SADSADASDAS
02/05/2019 01:06:52 - [DEBUG] - SADSADASDAS
02/05/2019 01:06:52 - [DEBUG] - SADSADASDAS
02/05/2019 01:06:52 - [DEBUG] - SADSADASDAS
02/05/2019 01:06:52 - [DEBUG] - SADSADASDAS
02/05/2019 01:06:52 - [DEBUG] - SADSADASDAS
02/05/2019 01:06:52 - [DEBUG] - SADSADASDAS
02/05/2019 01:06:52 - [DEBUG] - SADSADASDAS
02/05/2019 01:06:52 - [DEBUG] - SADSADASDAS
02/05/2019 01:06:52 - [DEBUG] - SADSADASDAS
02/05/2019 01:07:03 - [DEBUG] - AREA 43494.500000
02/05/2019 01:07:03 - [DEBUG] - HEIGHT 189
02/05/2019 01:07:03 - [DEBUG] - WIDTH 252
02/05/2019 01:07:03 - [DEBUG] - ----------
02/05/2019 01:07:06 - [DEBUG] - SADSADASDAS
02/05/2019 01:07:06 - [DEBUG] - SADSADASDAS
02/05/2019 01:07:06 - [DEBUG] - SADSADASDAS
02/05/2019 01:07:06 - [DEBUG] - SADSADASDAS
02/05/2019 01:07:06 - [DEBUG] - SADSADASDAS
02/05/2019 01:07:06 - [DEBUG] - SADSADASDAS
02/05/2019 01:07:06 - [DEBUG] - SADSADASDAS
02/05/2019 01:07:06 - [DEBUG] - SADSADASDAS
02/05/2019 01:07:06 - [DEBUG] - SADSADASDAS
02/05/2019 01:07:06 - [DEBUG] - SADSADASDAS
02/05/2019 01:07:06 - [DEBUG] - SADSADASDAS
02/05/2019 01:07:06 - [DEBUG] - SADSADASDAS
02/05/2019 01:07:06 - [DEBUG] - SADSADASDAS
02/05/2019 01:07:06 - [DEBUG] - SADSADASDAS
02/05/2019 01:07:06 - [DEBUG] - SADSADASDAS
02/05/2019 01:07:06 - [DEBUG] - SADSADASDAS
02/05/2019 01:07:06 - [DEBUG] - SADSADASDAS
02/05/2019 01:07:06 - [DEBUG] - SADSADASDAS
02/05/2019 01:07:06 - [DEBUG] - SADSADASDAS
02/05/2019 01:07:06 - [DEBUG] - SADSADASDAS
02/05/2019 01:07:06 - [DEBUG] - SADSADASDAS
02/05/2019 01:07:06 - [DEBUG] - SADSADASDAS
02/05/2019 01:07:06 - [DEBUG] - SADSADASDAS
02/05/2019 01:07:06 - [DEBUG] - SADSADASDAS
02/05/2019 01:07:06 - [DEBUG] - SADSADASDAS
02/05/2019 01:07:06 - [DEBUG] - SADSADASDAS
02/05/2019 01:07:06 - [DEBUG] - SADSADASDAS
02/05/2019 01:07:06 - [DEBUG] - SADSADASDAS
02/05/2019 01:07:06 - [DEBUG] - SADSADASDAS
02/05/2019 01:07:06 - [DEBUG] - SADSADASDAS
02/05/2019 01:07:06 - [DEBUG] - SADSADASDAS
02/05/2019 01:07:06 - [DEBUG] - SADSADASDAS
02/05/2019 01:07:06 - [DEBUG] - SADSADASDAS
02/05/2019 01:07:06 - [DEBUG] - SADSADASDAS
02/05/2019 01:07:06 - [DEBUG] - SADSADASDAS
02/05/2019 01:07:06 - [DEBUG] - SADSADASDAS
02/05/2019 01:07:06 - [DEBUG] - SADSADASDAS
02/05/2019 01:07:06 - [DEBUG] - SADSADASDAS
02/05/2019 01:07:06 - [DEBUG] - SADSADASDAS
02/05/2019 01:07:06 - [DEBUG] - SADSADASDAS
02/05/2019 01:07:06 - [DEBUG] - SADSADASDAS
02/05/2019 01:07:06 - [DEBUG] - SADSADASDAS
02/05/2019 01:07:06 - [DEBUG] - SADSADASDAS
02/05/2019 01:07:06 - [DEBUG] - SADSADASDAS
02/05/2019 01:07:06 - [DEBUG] - SADSADASDAS
02/05/2019 01:07:06 - [DEBUG] - SADSADASDAS
02/05/2019 01:07:06 - [DEBUG] - SADSADASDAS
02/05/2019 01:07:06 - [DEBUG] - SADSADASDAS
02/05/2019 01:07:06 - [DEBUG] - SADSADASDAS
02/05/2019 01:07:06 - [DEBUG] - SADSADASDAS
02/05/2019 01:07:06 - [DEBUG] - SADSADASDAS
02/05/2019 01:07:06 - [DEBUG] - SADSADASDAS
02/05/2019 01:07:06 - [DEBUG] - SADSADASDAS
02/05/2019 01:07:06 - [DEBUG] - SADSADASDAS
02/05/2019 01:07:06 - [DEBUG] - SADSADASDAS
02/05/2019 01:07:06 - [DEBUG] - SADSADASDAS
02/05/2019 01:07:06 - [DEBUG] - SADSADASDAS
02/05/2019 01:07:06 - [DEBUG] - SADSADASDAS
02/05/2019 01:07:06 - [DEBUG] - SADSADASDAS
02/05/2019 01:07:06 - [DEBUG] - AREA 42890.500000
02/05/2019 01:07:06 - [DEBUG] - HEIGHT 191
02/05/2019 01:07:06 - [DEBUG] - WIDTH 251
02/05/2019 01:07:06 - [DEBUG] - ----------
02/05/2019 01:07:08 - [DEBUG] - SADSADASDAS
02/05/2019 01:07:08 - [DEBUG] - SADSADASDAS
02/05/2019 01:07:08 - [DEBUG] - SADSADASDAS
02/05/2019 01:07:08 - [DEBUG] - SADSADASDAS
02/05/2019 01:07:08 - [DEBUG] - SADSADASDAS
02/05/2019 01:07:08 - [DEBUG] - SADSADASDAS
02/05/2019 01:07:08 - [DEBUG] - SADSADASDAS
02/05/2019 01:07:08 - [DEBUG] - SADSADASDAS
02/05/2019 01:07:08 - [DEBUG] - SADSADASDAS
02/05/2019 01:07:08 - [DEBUG] - SADSADASDAS
02/05/2019 01:07:08 - [DEBUG] - SADSADASDAS
02/05/2019 01:07:08 - [DEBUG] - SADSADASDAS
02/05/2019 01:07:08 - [DEBUG] - SADSADASDAS
02/05/2019 01:07:08 - [DEBUG] - SADSADASDAS
02/05/2019 01:07:08 - [DEBUG] - SADSADASDAS
02/05/2019 01:07:08 - [DEBUG] - SADSADASDAS
02/05/2019 01:07:08 - [DEBUG] - SADSADASDAS
02/05/2019 01:07:08 - [DEBUG] - SADSADASDAS
02/05/2019 01:07:08 - [DEBUG] - SADSADASDAS
02/05/2019 01:07:08 - [DEBUG] - SADSADASDAS
02/05/2019 01:07:08 - [DEBUG] - SADSADASDAS
02/05/2019 01:07:08 - [DEBUG] - SADSADASDAS
02/05/2019 01:07:08 - [DEBUG] - SADSADASDAS
02/05/2019 01:07:08 - [DEBUG] - SADSADASDAS
02/05/2019 01:07:08 - [DEBUG] - SADSADASDAS
02/05/2019 01:07:08 - [DEBUG] - SADSADASDAS
02/05/2019 01:07:08 - [DEBUG] - SADSADASDAS
02/05/2019 01:07:08 - [DEBUG] - SADSADASDAS
02/05/2019 01:07:08 - [DEBUG] - SADSADASDAS
02/05/2019 01:07:08 - [DEBUG] - SADSADASDAS
02/05/2019 01:07:08 - [DEBUG] - SADSADASDAS
02/05/2019 01:07:08 - [DEBUG] - SADSADASDAS
02/05/2019 01:07:08 - [DEBUG] - SADSADASDAS
02/05/2019 01:07:08 - [DEBUG] - SADSADASDAS
02/05/2019 01:07:08 - [DEBUG] - SADSADASDAS
02/05/2019 01:07:08 - [DEBUG] - SADSADASDAS
02/05/2019 01:07:08 - [DEBUG] - SADSADASDAS
02/05/2019 01:07:08 - [DEBUG] - SADSADASDAS
02/05/2019 01:07:08 - [DEBUG] - SADSADASDAS
02/05/2019 01:07:08 - [DEBUG] - SADSADASDAS
02/05/2019 01:07:08 - [DEBUG] - SADSADASDAS
02/05/2019 01:07:08 - [DEBUG] - SADSADASDAS
02/05/2019 01:07:08 - [DEBUG] - SADSADASDAS
02/05/2019 01:07:08 - [DEBUG] - SADSADASDAS
02/05/2019 01:07:08 - [DEBUG] - SADSADASDAS
02/05/2019 01:07:08 - [DEBUG] - SADSADASDAS
02/05/2019 01:07:08 - [DEBUG] - SADSADASDAS
02/05/2019 01:07:08 - [DEBUG] - SADSADASDAS
02/05/2019 01:07:08 - [DEBUG] - SADSADASDAS
02/05/2019 01:07:08 - [DEBUG] - SADSADASDAS
02/05/2019 01:07:08 - [DEBUG] - SADSADASDAS
02/05/2019 01:07:08 - [DEBUG] - SADSADASDAS
02/05/2019 01:07:08 - [DEBUG] - SADSADASDAS
02/05/2019 01:07:08 - [DEBUG] - SADSADASDAS
02/05/2019 01:07:08 - [DEBUG] - SADSADASDAS
02/05/2019 01:07:08 - [DEBUG] - SADSADASDAS
02/05/2019 01:07:08 - [DEBUG] - SADSADASDAS
02/05/2019 01:07:08 - [DEBUG] - SADSADASDAS
02/05/2019 01:07:08 - [DEBUG] - SADSADASDAS
02/05/2019 01:07:09 - [DEBUG] - AREA 41117.000000
02/05/2019 01:07:09 - [DEBUG] - HEIGHT 190
02/05/2019 01:07:09 - [DEBUG] - WIDTH 248
02/05/2019 01:07:09 - [DEBUG] - ----------
02/05/2019 01:07:12 - [DEBUG] - SADSADASDAS
02/05/2019 01:07:12 - [DEBUG] - SADSADASDAS
02/05/2019 01:07:12 - [DEBUG] - SADSADASDAS
02/05/2019 01:07:12 - [DEBUG] - SADSADASDAS
02/05/2019 01:07:12 - [DEBUG] - SADSADASDAS
02/05/2019 01:07:12 - [DEBUG] - SADSADASDAS
02/05/2019 01:07:12 - [DEBUG] - SADSADASDAS
02/05/2019 01:07:12 - [DEBUG] - SADSADASDAS
02/05/2019 01:07:12 - [DEBUG] - SADSADASDAS
02/05/2019 01:07:12 - [DEBUG] - SADSADASDAS
02/05/2019 01:07:12 - [DEBUG] - SADSADASDAS
02/05/2019 01:07:12 - [DEBUG] - SADSADASDAS
02/05/2019 01:07:12 - [DEBUG] - SADSADASDAS
02/05/2019 01:07:12 - [DEBUG] - SADSADASDAS
02/05/2019 01:07:12 - [DEBUG] - SADSADASDAS
02/05/2019 01:07:12 - [DEBUG] - SADSADASDAS
02/05/2019 01:07:12 - [DEBUG] - SADSADASDAS
02/05/2019 01:07:12 - [DEBUG] - SADSADASDAS
02/05/2019 01:07:12 - [DEBUG] - SADSADASDAS
02/05/2019 01:07:12 - [DEBUG] - SADSADASDAS
02/05/2019 01:07:12 - [DEBUG] - SADSADASDAS
02/05/2019 01:07:12 - [DEBUG] - SADSADASDAS
02/05/2019 01:07:12 - [DEBUG] - SADSADASDAS
02/05/2019 01:07:12 - [DEBUG] - SADSADASDAS
02/05/2019 01:07:12 - [DEBUG] - SADSADASDAS
02/05/2019 01:07:12 - [DEBUG] - SADSADASDAS
02/05/2019 01:07:12 - [DEBUG] - SADSADASDAS
02/05/2019 01:07:12 - [DEBUG] - SADSADASDAS
02/05/2019 01:07:12 - [DEBUG] - SADSADASDAS
02/05/2019 01:07:12 - [DEBUG] - SADSADASDAS
02/05/2019 01:07:12 - [DEBUG] - SADSADASDAS
02/05/2019 01:07:12 - [DEBUG] - SADSADASDAS
02/05/2019 01:07:12 - [DEBUG] - SADSADASDAS
02/05/2019 01:07:12 - [DEBUG] - SADSADASDAS
02/05/2019 01:07:12 - [DEBUG] - SADSADASDAS
02/05/2019 01:07:12 - [DEBUG] - SADSADASDAS
02/05/2019 01:07:12 - [DEBUG] - SADSADASDAS
02/05/2019 01:07:12 - [DEBUG] - SADSADASDAS
02/05/2019 01:07:12 - [DEBUG] - SADSADASDAS
02/05/2019 01:07:12 - [DEBUG] - SADSADASDAS
02/05/2019 01:07:12 - [DEBUG] - SADSADASDAS
02/05/2019 01:07:12 - [DEBUG] - SADSADASDAS
02/05/2019 01:07:12 - [DEBUG] - SADSADASDAS
02/05/2019 01:07:12 - [DEBUG] - SADSADASDAS
02/05/2019 01:07:12 - [DEBUG] - SADSADASDAS
02/05/2019 01:07:12 - [DEBUG] - SADSADASDAS
02/05/2019 01:07:12 - [DEBUG] - SADSADASDAS
02/05/2019 01:07:12 - [DEBUG] - SADSADASDAS
02/05/2019 01:07:12 - [DEBUG] - SADSADASDAS
02/05/2019 01:07:12 - [DEBUG] - SADSADASDAS
02/05/2019 01:07:12 - [DEBUG] - SADSADASDAS
02/05/2019 01:07:12 - [DEBUG] - SADSADASDAS
02/05/2019 01:07:12 - [DEBUG] - SADSADASDAS
02/05/2019 01:07:12 - [DEBUG] - SADSADASDAS
02/05/2019 01:07:12 - [DEBUG] - SADSADASDAS
02/05/2019 01:07:12 - [DEBUG] - SADSADASDAS
02/05/2019 01:07:12 - [DEBUG] - SADSADASDAS
02/05/2019 01:07:12 - [DEBUG] - SADSADASDAS
02/05/2019 01:07:12 - [DEBUG] - SADSADASDAS
