02/05/2019 02:49:44 - [DEBUG] - AREA 44793.500000
02/05/2019 02:49:44 - [DEBUG] - HEIGHT 198
02/05/2019 02:49:44 - [DEBUG] - WIDTH 259
02/05/2019 02:49:44 - [DEBUG] - ----------
02/05/2019 02:49:46 - [DEBUG] - SADSADASDAS
02/05/2019 02:49:46 - [DEBUG] - SADSADASDAS
02/05/2019 02:49:46 - [DEBUG] - SADSADASDAS
02/05/2019 02:49:46 - [DEBUG] - SADSADASDAS
02/05/2019 02:49:46 - [DEBUG] - SADSADASDAS
02/05/2019 02:49:46 - [DEBUG] - SADSADASDAS
02/05/2019 02:49:46 - [DEBUG] - SADSADASDAS
02/05/2019 02:49:46 - [DEBUG] - SADSADASDAS
02/05/2019 02:49:46 - [DEBUG] - SADSADASDAS
02/05/2019 02:49:46 - [DEBUG] - SADSADASDAS
02/05/2019 02:49:46 - [DEBUG] - SADSADASDAS
02/05/2019 02:49:46 - [DEBUG] - SADSADASDAS
02/05/2019 02:49:46 - [DEBUG] - SADSADASDAS
02/05/2019 02:49:46 - [DEBUG] - SADSADASDAS
02/05/2019 02:49:46 - [DEBUG] - SADSADASDAS
02/05/2019 02:49:46 - [DEBUG] - SADSADASDAS
02/05/2019 02:49:46 - [DEBUG] - SADSADASDAS
02/05/2019 02:49:46 - [DEBUG] - SADSADASDAS
02/05/2019 02:49:46 - [DEBUG] - SADSADASDAS
02/05/2019 02:49:46 - [DEBUG] - SADSADASDAS
02/05/2019 02:49:46 - [DEBUG] - SADSADASDAS
02/05/2019 02:49:46 - [DEBUG] - SADSADASDAS
02/05/2019 02:49:46 - [DEBUG] - SADSADASDAS
02/05/2019 02:49:46 - [DEBUG] - SADSADASDAS
02/05/2019 02:49:46 - [DEBUG] - SADSADASDAS
02/05/2019 02:49:46 - [DEBUG] - SADSADASDAS
02/05/2019 02:49:46 - [DEBUG] - SADSADASDAS
02/05/2019 02:49:46 - [DEBUG] - SADSADASDAS
02/05/2019 02:49:46 - [DEBUG] - SADSADASDAS
02/05/2019 02:49:46 - [DEBUG] - SADSADASDAS
02/05/2019 02:49:46 - [DEBUG] - SADSADASDAS
02/05/2019 02:49:46 - [DEBUG] - SADSADASDAS
02/05/2019 02:49:46 - [DEBUG] - SADSADASDAS
02/05/2019 02:49:46 - [DEBUG] - SADSADASDAS
02/05/2019 02:49:46 - [DEBUG] - SADSADASDAS
02/05/2019 02:49:46 - [DEBUG] - SADSADASDAS
02/05/2019 02:49:46 - [DEBUG] - SADSADASDAS
02/05/2019 02:49:46 - [DEBUG] - SADSADASDAS
02/05/2019 02:49:46 - [DEBUG] - SADSADASDAS
02/05/2019 02:49:46 - [DEBUG] - SADSADASDAS
02/05/2019 02:49:46 - [DEBUG] - SADSADASDAS
02/05/2019 02:49:46 - [DEBUG] - SADSADASDAS
02/05/2019 02:49:46 - [DEBUG] - SADSADASDAS
02/05/2019 02:49:46 - [DEBUG] - SADSADASDAS
02/05/2019 02:49:46 - [DEBUG] - SADSADASDAS
02/05/2019 02:49:46 - [DEBUG] - SADSADASDAS
02/05/2019 02:49:46 - [DEBUG] - SADSADASDAS
02/05/2019 02:49:46 - [DEBUG] - SADSADASDAS
02/05/2019 02:49:46 - [DEBUG] - SADSADASDAS
02/05/2019 02:49:46 - [DEBUG] - SADSADASDAS
02/05/2019 02:49:46 - [DEBUG] - SADSADASDAS
02/05/2019 02:49:46 - [DEBUG] - SADSADASDAS
02/05/2019 02:49:46 - [DEBUG] - SADSADASDAS
02/05/2019 02:49:46 - [DEBUG] - SADSADASDAS
02/05/2019 02:49:46 - [DEBUG] - SADSADASDAS
02/05/2019 02:49:46 - [DEBUG] - SADSADASDAS
02/05/2019 02:49:46 - [DEBUG] - SADSADASDAS
02/05/2019 02:49:46 - [DEBUG] - SADSADASDAS
02/05/2019 02:49:46 - [DEBUG] - SADSADASDAS
02/05/2019 02:49:47 - [DEBUG] - AREA 43494.500000
02/05/2019 02:49:47 - [DEBUG] - HEIGHT 189
02/05/2019 02:49:47 - [DEBUG] - WIDTH 252
02/05/2019 02:49:47 - [DEBUG] - ----------
02/05/2019 02:49:49 - [DEBUG] - SADSADASDAS
02/05/2019 02:49:49 - [DEBUG] - SADSADASDAS
02/05/2019 02:49:49 - [DEBUG] - SADSADASDAS
02/05/2019 02:49:49 - [DEBUG] - SADSADASDAS
02/05/2019 02:49:49 - [DEBUG] - SADSADASDAS
02/05/2019 02:49:49 - [DEBUG] - SADSADASDAS
02/05/2019 02:49:49 - [DEBUG] - SADSADASDAS
02/05/2019 02:49:49 - [DEBUG] - SADSADASDAS
02/05/2019 02:49:49 - [DEBUG] - SADSADASDAS
02/05/2019 02:49:49 - [DEBUG] - SADSADASDAS
02/05/2019 02:49:49 - [DEBUG] - SADSADASDAS
02/05/2019 02:49:49 - [DEBUG] - SADSADASDAS
02/05/2019 02:49:49 - [DEBUG] - SADSADASDAS
02/05/2019 02:49:49 - [DEBUG] - SADSADASDAS
02/05/2019 02:49:49 - [DEBUG] - SADSADASDAS
02/05/2019 02:49:49 - [DEBUG] - SADSADASDAS
02/05/2019 02:49:49 - [DEBUG] - SADSADASDAS
02/05/2019 02:49:49 - [DEBUG] - SADSADASDAS
02/05/2019 02:49:49 - [DEBUG] - SADSADASDAS
02/05/2019 02:49:49 - [DEBUG] - SADSADASDAS
02/05/2019 02:49:49 - [DEBUG] - SADSADASDAS
02/05/2019 02:49:49 - [DEBUG] - SADSADASDAS
02/05/2019 02:49:49 - [DEBUG] - SADSADASDAS
02/05/2019 02:49:49 - [DEBUG] - SADSADASDAS
02/05/2019 02:49:49 - [DEBUG] - SADSADASDAS
02/05/2019 02:49:49 - [DEBUG] - SADSADASDAS
02/05/2019 02:49:49 - [DEBUG] - SADSADASDAS
02/05/2019 02:49:49 - [DEBUG] - SADSADASDAS
02/05/2019 02:49:49 - [DEBUG] - SADSADASDAS
02/05/2019 02:49:49 - [DEBUG] - SADSADASDAS
02/05/2019 02:49:49 - [DEBUG] - SADSADASDAS
02/05/2019 02:49:49 - [DEBUG] - SADSADASDAS
02/05/2019 02:49:49 - [DEBUG] - SADSADASDAS
02/05/2019 02:49:49 - [DEBUG] - SADSADASDAS
02/05/2019 02:49:49 - [DEBUG] - SADSADASDAS
02/05/2019 02:49:49 - [DEBUG] - SADSADASDAS
02/05/2019 02:49:49 - [DEBUG] - SADSADASDAS
02/05/2019 02:49:49 - [DEBUG] - SADSADASDAS
02/05/2019 02:49:49 - [DEBUG] - SADSADASDAS
02/05/2019 02:49:49 - [DEBUG] - SADSADASDAS
02/05/2019 02:49:49 - [DEBUG] - SADSADASDAS
02/05/2019 02:49:49 - [DEBUG] - SADSADASDAS
02/05/2019 02:49:49 - [DEBUG] - SADSADASDAS
02/05/2019 02:49:49 - [DEBUG] - SADSADASDAS
02/05/2019 02:49:49 - [DEBUG] - SADSADASDAS
02/05/2019 02:49:49 - [DEBUG] - SADSADASDAS
02/05/2019 02:49:49 - [DEBUG] - SADSADASDAS
02/05/2019 02:49:49 - [DEBUG] - SADSADASDAS
02/05/2019 02:49:49 - [DEBUG] - SADSADASDAS
02/05/2019 02:49:49 - [DEBUG] - SADSADASDAS
02/05/2019 02:49:49 - [DEBUG] - SADSADASDAS
02/05/2019 02:49:49 - [DEBUG] - SADSADASDAS
02/05/2019 02:49:49 - [DEBUG] - SADSADASDAS
02/05/2019 02:49:49 - [DEBUG] - SADSADASDAS
02/05/2019 02:49:49 - [DEBUG] - SADSADASDAS
02/05/2019 02:49:49 - [DEBUG] - SADSADASDAS
02/05/2019 02:49:49 - [DEBUG] - SADSADASDAS
02/05/2019 02:49:49 - [DEBUG] - SADSADASDAS
02/05/2019 02:49:49 - [DEBUG] - SADSADASDAS
02/05/2019 02:49:50 - [DEBUG] - AREA 42890.500000
02/05/2019 02:49:50 - [DEBUG] - HEIGHT 191
02/05/2019 02:49:50 - [DEBUG] - WIDTH 251
02/05/2019 02:49:50 - [DEBUG] - ----------
02/05/2019 02:49:52 - [DEBUG] - SADSADASDAS
02/05/2019 02:49:52 - [DEBUG] - SADSADASDAS
02/05/2019 02:49:52 - [DEBUG] - SADSADASDAS
02/05/2019 02:49:52 - [DEBUG] - SADSADASDAS
02/05/2019 02:49:52 - [DEBUG] - SADSADASDAS
02/05/2019 02:49:52 - [DEBUG] - SADSADASDAS
02/05/2019 02:49:52 - [DEBUG] - SADSADASDAS
02/05/2019 02:49:52 - [DEBUG] - SADSADASDAS
02/05/2019 02:49:52 - [DEBUG] - SADSADASDAS
02/05/2019 02:49:52 - [DEBUG] - SADSADASDAS
02/05/2019 02:49:52 - [DEBUG] - SADSADASDAS
02/05/2019 02:49:52 - [DEBUG] - SADSADASDAS
02/05/2019 02:49:52 - [DEBUG] - SADSADASDAS
02/05/2019 02:49:52 - [DEBUG] - SADSADASDAS
02/05/2019 02:49:52 - [DEBUG] - SADSADASDAS
02/05/2019 02:49:52 - [DEBUG] - SADSADASDAS
02/05/2019 02:49:52 - [DEBUG] - SADSADASDAS
02/05/2019 02:49:52 - [DEBUG] - SADSADASDAS
02/05/2019 02:49:52 - [DEBUG] - SADSADASDAS
02/05/2019 02:49:52 - [DEBUG] - SADSADASDAS
02/05/2019 02:49:52 - [DEBUG] - SADSADASDAS
02/05/2019 02:49:52 - [DEBUG] - SADSADASDAS
02/05/2019 02:49:52 - [DEBUG] - SADSADASDAS
02/05/2019 02:49:52 - [DEBUG] - SADSADASDAS
02/05/2019 02:49:52 - [DEBUG] - SADSADASDAS
02/05/2019 02:49:52 - [DEBUG] - SADSADASDAS
02/05/2019 02:49:52 - [DEBUG] - SADSADASDAS
02/05/2019 02:49:52 - [DEBUG] - SADSADASDAS
02/05/2019 02:49:52 - [DEBUG] - SADSADASDAS
02/05/2019 02:49:52 - [DEBUG] - SADSADASDAS
02/05/2019 02:49:52 - [DEBUG] - SADSADASDAS
02/05/2019 02:49:52 - [DEBUG] - SADSADASDAS
02/05/2019 02:49:52 - [DEBUG] - SADSADASDAS
02/05/2019 02:49:52 - [DEBUG] - SADSADASDAS
02/05/2019 02:49:52 - [DEBUG] - SADSADASDAS
02/05/2019 02:49:52 - [DEBUG] - SADSADASDAS
02/05/2019 02:49:52 - [DEBUG] - SADSADASDAS
02/05/2019 02:49:52 - [DEBUG] - SADSADASDAS
02/05/2019 02:49:52 - [DEBUG] - SADSADASDAS
02/05/2019 02:49:52 - [DEBUG] - SADSADASDAS
02/05/2019 02:49:52 - [DEBUG] - SADSADASDAS
02/05/2019 02:49:52 - [DEBUG] - SADSADASDAS
02/05/2019 02:49:52 - [DEBUG] - SADSADASDAS
02/05/2019 02:49:52 - [DEBUG] - SADSADASDAS
02/05/2019 02:49:52 - [DEBUG] - SADSADASDAS
02/05/2019 02:49:52 - [DEBUG] - SADSADASDAS
02/05/2019 02:49:52 - [DEBUG] - SADSADASDAS
02/05/2019 02:49:52 - [DEBUG] - SADSADASDAS
02/05/2019 02:49:52 - [DEBUG] - SADSADASDAS
02/05/2019 02:49:52 - [DEBUG] - SADSADASDAS
02/05/2019 02:49:52 - [DEBUG] - SADSADASDAS
02/05/2019 02:49:52 - [DEBUG] - SADSADASDAS
02/05/2019 02:49:52 - [DEBUG] - SADSADASDAS
02/05/2019 02:49:52 - [DEBUG] - SADSADASDAS
02/05/2019 02:49:52 - [DEBUG] - SADSADASDAS
02/05/2019 02:49:52 - [DEBUG] - SADSADASDAS
02/05/2019 02:49:52 - [DEBUG] - SADSADASDAS
02/05/2019 02:49:52 - [DEBUG] - SADSADASDAS
02/05/2019 02:49:52 - [DEBUG] - SADSADASDAS
02/05/2019 02:49:56 - [DEBUG] - AREA 41117.000000
02/05/2019 02:49:56 - [DEBUG] - HEIGHT 190
02/05/2019 02:49:56 - [DEBUG] - WIDTH 248
02/05/2019 02:49:56 - [DEBUG] - ----------
02/05/2019 02:49:58 - [DEBUG] - SADSADASDAS
02/05/2019 02:49:58 - [DEBUG] - SADSADASDAS
02/05/2019 02:49:58 - [DEBUG] - SADSADASDAS
02/05/2019 02:49:58 - [DEBUG] - SADSADASDAS
02/05/2019 02:49:58 - [DEBUG] - SADSADASDAS
02/05/2019 02:49:58 - [DEBUG] - SADSADASDAS
02/05/2019 02:49:58 - [DEBUG] - SADSADASDAS
02/05/2019 02:49:58 - [DEBUG] - SADSADASDAS
02/05/2019 02:49:58 - [DEBUG] - SADSADASDAS
02/05/2019 02:49:58 - [DEBUG] - SADSADASDAS
02/05/2019 02:49:58 - [DEBUG] - SADSADASDAS
02/05/2019 02:49:58 - [DEBUG] - SADSADASDAS
02/05/2019 02:49:58 - [DEBUG] - SADSADASDAS
02/05/2019 02:49:58 - [DEBUG] - SADSADASDAS
02/05/2019 02:49:58 - [DEBUG] - SADSADASDAS
02/05/2019 02:49:58 - [DEBUG] - SADSADASDAS
02/05/2019 02:49:58 - [DEBUG] - SADSADASDAS
02/05/2019 02:49:58 - [DEBUG] - SADSADASDAS
02/05/2019 02:49:58 - [DEBUG] - SADSADASDAS
02/05/2019 02:49:58 - [DEBUG] - SADSADASDAS
02/05/2019 02:49:58 - [DEBUG] - SADSADASDAS
02/05/2019 02:49:58 - [DEBUG] - SADSADASDAS
02/05/2019 02:49:58 - [DEBUG] - SADSADASDAS
02/05/2019 02:49:58 - [DEBUG] - SADSADASDAS
02/05/2019 02:49:58 - [DEBUG] - SADSADASDAS
02/05/2019 02:49:58 - [DEBUG] - SADSADASDAS
02/05/2019 02:49:58 - [DEBUG] - SADSADASDAS
02/05/2019 02:49:58 - [DEBUG] - SADSADASDAS
02/05/2019 02:49:58 - [DEBUG] - SADSADASDAS
02/05/2019 02:49:58 - [DEBUG] - SADSADASDAS
02/05/2019 02:49:58 - [DEBUG] - SADSADASDAS
02/05/2019 02:49:58 - [DEBUG] - SADSADASDAS
02/05/2019 02:49:58 - [DEBUG] - SADSADASDAS
02/05/2019 02:49:58 - [DEBUG] - SADSADASDAS
02/05/2019 02:49:58 - [DEBUG] - SADSADASDAS
02/05/2019 02:49:58 - [DEBUG] - SADSADASDAS
02/05/2019 02:49:58 - [DEBUG] - SADSADASDAS
02/05/2019 02:49:58 - [DEBUG] - SADSADASDAS
02/05/2019 02:49:58 - [DEBUG] - SADSADASDAS
02/05/2019 02:49:58 - [DEBUG] - SADSADASDAS
02/05/2019 02:49:58 - [DEBUG] - SADSADASDAS
02/05/2019 02:49:58 - [DEBUG] - SADSADASDAS
02/05/2019 02:49:58 - [DEBUG] - SADSADASDAS
02/05/2019 02:49:58 - [DEBUG] - SADSADASDAS
02/05/2019 02:49:58 - [DEBUG] - SADSADASDAS
02/05/2019 02:49:58 - [DEBUG] - SADSADASDAS
02/05/2019 02:49:58 - [DEBUG] - SADSADASDAS
02/05/2019 02:49:58 - [DEBUG] - SADSADASDAS
02/05/2019 02:49:58 - [DEBUG] - SADSADASDAS
02/05/2019 02:49:58 - [DEBUG] - SADSADASDAS
02/05/2019 02:49:58 - [DEBUG] - SADSADASDAS
02/05/2019 02:49:58 - [DEBUG] - SADSADASDAS
02/05/2019 02:49:58 - [DEBUG] - SADSADASDAS
02/05/2019 02:49:58 - [DEBUG] - SADSADASDAS
02/05/2019 02:49:58 - [DEBUG] - SADSADASDAS
02/05/2019 02:49:58 - [DEBUG] - SADSADASDAS
02/05/2019 02:49:58 - [DEBUG] - SADSADASDAS
02/05/2019 02:49:58 - [DEBUG] - SADSADASDAS
02/05/2019 02:49:58 - [DEBUG] - SADSADASDAS
